<?xml version="1.0" encoding="UTF-8"?>
<testsuite name="ch.gibb.model.DataAccessTest" tests="1" skipped="0" failures="0" errors="0" timestamp="2022-11-04T13:30:24" hostname="TABLET-43KSF22M" time="0.042">
  <properties/>
  <testcase name="loadLevels()" classname="ch.gibb.model.DataAccessTest" time="0.042"/>
  <system-out><![CDATA[]]></system-out>
  <system-err><![CDATA[]]></system-err>
</testsuite>
